
state 0
	$accept: .program $end 

	NUMBER  shift 3
	.  error

	program  goto 1
	expr  goto 2

state 1
	$accept:  program.$end 

	$end  accept
	.  error


state 2
	program:  expr.    (1)
	expr:  expr.'+' expr 

	'+'  shift 4
	.  reduce 1 (src line 43)


state 3
	expr:  NUMBER.    (2)

	.  reduce 2 (src line 50)


state 4
	expr:  expr '+'.expr 

	NUMBER  shift 3
	.  error

	expr  goto 5

state 5
	expr:  expr.'+' expr 
	expr:  expr '+' expr.    (3)

	.  reduce 3 (src line 55)


5 terminals, 3 nonterminals
4 grammar rules, 6/2000 states
0 shift/reduce, 0 reduce/reduce conflicts reported
52 working sets used
memory: parser 2/30000
0 extra closures
3 shift entries, 1 exceptions
3 goto entries
0 entries saved by goto default
Optimizer space used: output 7/30000
7 table entries, 2 zero
maximum spread: 5, maximum offset: 5
