apache-spark
app-engine-go-64
autoconf
automake
bison
brew-gem
brew-pip
cabal-install
cairo
clang-format
cloog-ppl015
coreutils
ctags
curl
czmq
docker
docker-compose
docker-machine
elixir
erlang
fontconfig
fontforge
freetype
gdbm
gettext
ghc
git
glib
global
gmp
gmp4
gnu-prolog
go
go-app-engine-64
gobject-introspection
gradle
hadoop
harfbuzz
haskell-stack
hive
hub
icu4c
jpeg
jq
leiningen
lha
libevent
libffi
libmpc08
libpng
libsodium
libtiff
libtool
libyaml
lua
markdown
maven
maven-shell
mercurial
mobile-shell
mozilla-addon-sdk
mpfr2
mruby
mysql
nginx
nkf
nmap
nodebrew
oniguruma
openssl
openssl@1.1
pango
pcre
pip-list
pixman
pkg-config
ppl011
protobuf
pstree
pyenv
python
python3
rbenv
rbenv-bundler
rbenv-gemset
readline
ricty
rlwrap
ruby
ruby-build
sqlite
swi-prolog
the_silver_searcher
tig
tmux
tree
ttyrec
uncrustify
unixodbc
unrar
utf8proc
watch
wget
wxmac
xz
z
zeromq
zsh
zsh-completions
